<?xml version="1.0" encoding="UTF-8" ?>
<testsuites>
  <testsuite errors="0" failures="0" hostname="DESKTOP-O4EC7VQ" id="0" name="RegistrationTest" package="com.TestScripts" skipped="0" tests="1" time="18.933" timestamp="2018-03-03T19:59:49">
      <properties>
[...]
</properties>

      <testcase classname="com.TestScripts.RegistrationTest" name="testValidRegister" time="18.62" />

      <system-out><![CDATA[]]></system-out>

      <system-err><![CDATA[Starting ChromeDriver 2.35.528161 (5b82f2d2aae0ca24b877009200ced9065a772e73) on port 22432
Only local connections are allowed.
log4j:WARN No appenders could be found for logger (org.apache.http.impl.conn.tsccm.ThreadSafeClientConnManager).
log4j:WARN Please initialize the log4j system properly.
]]></system-err>

  </testsuite>
  <testsuite errors="0" failures="0" hostname="DESKTOP-O4EC7VQ" id="1" name="WriteAndDownloadTest" package="com.TestScripts" skipped="0" tests="1" time="14.991" timestamp="2018-03-03T20:00:09">
      <properties>
[...]
</properties>

      <testcase classname="com.TestScripts.WriteAndDownloadTest" name="testWriteAndDownloadFile" time="14.632" />

      <system-out><![CDATA[]]></system-out>

      <system-err><![CDATA[Starting ChromeDriver 2.35.528161 (5b82f2d2aae0ca24b877009200ced9065a772e73) on port 7059
Only local connections are allowed.
log4j:WARN No appenders could be found for logger (org.apache.http.impl.conn.tsccm.ThreadSafeClientConnManager).
log4j:WARN Please initialize the log4j system properly.
]]></system-err>

  </testsuite>
</testsuites>
